# JRE version: OpenJDK Runtime Environment (7.0_65-b32) (build 1.7.0_65-b32)
# Java VM: OpenJDK 64-Bit Server VM (24.65-b04 mixed mode linux-amd64 compressed oops)
Heap
 PSYoungGen      total 134656K, used 13306K [0x00000000ebe80000, 0x00000000f5480000, 0x0000000100000000)
  eden space 121344K, 0% used [0x00000000ebe80000,0x00000000ebe80000,0x00000000f3500000)
  from space 13312K, 99% used [0x00000000f3500000,0x00000000f41fe920,0x00000000f4200000)
  to   space 7680K, 0% used [0x00000000f4200000,0x00000000f4200000,0x00000000f4980000)
 ParOldGen       total 40960K, used 20275K [0x00000000c3c00000, 0x00000000c6400000, 0x00000000ebe80000)
  object space 40960K, 49% used [0x00000000c3c00000,0x00000000c4fccdc8,0x00000000c6400000)
 PSPermGen       total 24576K, used 24387K [0x00000000b9600000, 0x00000000bae00000, 0x00000000c3c00000)
  object space 24576K, 99% used [0x00000000b9600000,0x00000000badd0ee0,0x00000000bae00000)
GC Heap History (10 events):
Event: 1,916 GC heap after
Heap after GC invocations=2 (full 0):
 PSYoungGen      total 34304K, used 2441K [0x00000000ebe80000, 0x00000000ee280000, 0x0000000100000000)
  eden space 31744K, 0% used [0x00000000ebe80000,0x00000000ebe80000,0x00000000edd80000)
  from space 2560K, 95% used [0x00000000ee000000,0x00000000ee262400,0x00000000ee280000)
  to   space 2560K, 0% used [0x00000000edd80000,0x00000000edd80000,0x00000000ee000000)
 ParOldGen       total 40960K, used 422K [0x00000000c3c00000, 0x00000000c6400000, 0x00000000ebe80000)
  object space 40960K, 1% used [0x00000000c3c00000,0x00000000c3c69b60,0x00000000c6400000)
 PSPermGen       total 21504K, used 8022K [0x00000000b9600000, 0x00000000bab00000, 0x00000000c3c00000)
  object space 21504K, 37% used [0x00000000b9600000,0x00000000b9dd5a70,0x00000000bab00000)
}
Event: 3,114 GC heap before
{Heap before GC invocations=3 (full 0):
 PSYoungGen      total 34304K, used 34185K [0x00000000ebe80000, 0x00000000ee280000, 0x0000000100000000)
  eden space 31744K, 100% used [0x00000000ebe80000,0x00000000edd80000,0x00000000edd80000)
  from space 2560K, 95% used [0x00000000ee000000,0x00000000ee262400,0x00000000ee280000)
  to   space 2560K, 0% used [0x00000000edd80000,0x00000000edd80000,0x00000000ee000000)
 ParOldGen       total 40960K, used 422K [0x00000000c3c00000, 0x00000000c6400000, 0x00000000ebe80000)
  object space 40960K, 1% used [0x00000000c3c00000,0x00000000c3c69b60,0x00000000c6400000)
 PSPermGen       total 21504K, used 12511K [0x00000000b9600000, 0x00000000bab00000, 0x00000000c3c00000)
  object space 21504K, 58% used [0x00000000b9600000,0x00000000ba237fc8,0x00000000bab00000)
Event: 3,171 GC heap after
Heap after GC invocations=3 (full 0):
 PSYoungGen      total 34304K, used 2544K [0x00000000ebe80000, 0x00000000f0180000, 0x0000000100000000)
  eden space 31744K, 0% used [0x00000000ebe80000,0x00000000ebe80000,0x00000000edd80000)
  from space 2560K, 99% used [0x00000000edd80000,0x00000000edffc030,0x00000000ee000000)
  to   space 2560K, 0% used [0x00000000eff00000,0x00000000eff00000,0x00000000f0180000)
 ParOldGen       total 40960K, used 4112K [0x00000000c3c00000, 0x00000000c6400000, 0x00000000ebe80000)
  object space 40960K, 10% used [0x00000000c3c00000,0x00000000c4004108,0x00000000c6400000)
 PSPermGen       total 21504K, used 12511K [0x00000000b9600000, 0x00000000bab00000, 0x00000000c3c00000)
  object space 21504K, 58% used [0x00000000b9600000,0x00000000ba237fc8,0x00000000bab00000)
}
Event: 4,764 GC heap before
{Heap before GC invocations=4 (full 0):
 PSYoungGen      total 34304K, used 34288K [0x00000000ebe80000, 0x00000000f0180000, 0x0000000100000000)
  eden space 31744K, 100% used [0x00000000ebe80000,0x00000000edd80000,0x00000000edd80000)
  from space 2560K, 99% used [0x00000000edd80000,0x00000000edffc030,0x00000000ee000000)
  to   space 2560K, 0% used [0x00000000eff00000,0x00000000eff00000,0x00000000f0180000)
 ParOldGen       total 40960K, used 4112K [0x00000000c3c00000, 0x00000000c6400000, 0x00000000ebe80000)
  object space 40960K, 10% used [0x00000000c3c00000,0x00000000c4004108,0x00000000c6400000)
 PSPermGen       total 21504K, used 12746K [0x00000000b9600000, 0x00000000bab00000, 0x00000000c3c00000)
  object space 21504K, 59% used [0x00000000b9600000,0x00000000ba272818,0x00000000bab00000)
Event: 4,798 GC heap after
Heap after GC invocations=4 (full 0):
 PSYoungGen      total 66048K, used 2528K [0x00000000ebe80000, 0x00000000f0180000, 0x0000000100000000)
  eden space 63488K, 0% used [0x00000000ebe80000,0x00000000ebe80000,0x00000000efc80000)
  from space 2560K, 98% used [0x00000000eff00000,0x00000000f0178020,0x00000000f0180000)
  to   space 2560K, 0% used [0x00000000efc80000,0x00000000efc80000,0x00000000eff00000)
 ParOldGen       total 40960K, used 6493K [0x00000000c3c00000, 0x00000000c6400000, 0x00000000ebe80000)
  object space 40960K, 15% used [0x00000000c3c00000,0x00000000c4257670,0x00000000c6400000)
 PSPermGen       total 21504K, used 12746K [0x00000000b9600000, 0x00000000bab00000, 0x00000000c3c00000)
  object space 21504K, 59% used [0x00000000b9600000,0x00000000ba272818,0x00000000bab00000)
}
Event: 7,132 GC heap before
{Heap before GC invocations=5 (full 0):
 PSYoungGen      total 66048K, used 66016K [0x00000000ebe80000, 0x00000000f0180000, 0x0000000100000000)
  eden space 63488K, 100% used [0x00000000ebe80000,0x00000000efc80000,0x00000000efc80000)
  from space 2560K, 98% used [0x00000000eff00000,0x00000000f0178020,0x00000000f0180000)
  to   space 2560K, 0% used [0x00000000efc80000,0x00000000efc80000,0x00000000eff00000)
 ParOldGen       total 40960K, used 6493K [0x00000000c3c00000, 0x00000000c6400000, 0x00000000ebe80000)
  object space 40960K, 15% used [0x00000000c3c00000,0x00000000c4257670,0x00000000c6400000)
 PSPermGen       total 21504K, used 13881K [0x00000000b9600000, 0x00000000bab00000, 0x00000000c3c00000)
  object space 21504K, 64% used [0x00000000b9600000,0x00000000ba38e640,0x00000000bab00000)
Event: 7,148 GC heap after
Heap after GC invocations=5 (full 0):
 PSYoungGen      total 66048K, used 2544K [0x00000000ebe80000, 0x00000000f4980000, 0x0000000100000000)
  eden space 63488K, 0% used [0x00000000ebe80000,0x00000000ebe80000,0x00000000efc80000)
  from space 2560K, 99% used [0x00000000efc80000,0x00000000efefc010,0x00000000eff00000)
  to   space 7680K, 0% used [0x00000000f4200000,0x00000000f4200000,0x00000000f4980000)
 ParOldGen       total 40960K, used 9908K [0x00000000c3c00000, 0x00000000c6400000, 0x00000000ebe80000)
  object space 40960K, 24% used [0x00000000c3c00000,0x00000000c45ad330,0x00000000c6400000)
 PSPermGen       total 21504K, used 13881K [0x00000000b9600000, 0x00000000bab00000, 0x00000000c3c00000)
  object space 21504K, 64% used [0x00000000b9600000,0x00000000ba38e640,0x00000000bab00000)
}
Event: 9,466 GC heap before
{Heap before GC invocations=6 (full 0):
 PSYoungGen      total 66048K, used 66032K [0x00000000ebe80000, 0x00000000f4980000, 0x0000000100000000)
  eden space 63488K, 100% used [0x00000000ebe80000,0x00000000efc80000,0x00000000efc80000)
  from space 2560K, 99% used [0x00000000efc80000,0x00000000efefc010,0x00000000eff00000)
  to   space 7680K, 0% used [0x00000000f4200000,0x00000000f4200000,0x00000000f4980000)
 ParOldGen       total 40960K, used 9908K [0x00000000c3c00000, 0x00000000c6400000, 0x00000000ebe80000)
  object space 40960K, 24% used [0x00000000c3c00000,0x00000000c45ad330,0x00000000c6400000)
 PSPermGen       total 21504K, used 18166K [0x00000000b9600000, 0x00000000bab00000, 0x00000000c3c00000)
  object space 21504K, 84% used [0x00000000b9600000,0x00000000ba7bda68,0x00000000bab00000)
Event: 9,573 GC heap after
Heap after GC invocations=6 (full 0):
 PSYoungGen      total 129024K, used 7668K [0x00000000ebe80000, 0x00000000f5480000, 0x0000000100000000)
  eden space 121344K, 0% used [0x00000000ebe80000,0x00000000ebe80000,0x00000000f3500000)
  from space 7680K, 99% used [0x00000000f4200000,0x00000000f497d198,0x00000000f4980000)
  to   space 13312K, 0% used [0x00000000f3500000,0x00000000f3500000,0x00000000f4200000)
 ParOldGen       total 40960K, used 17282K [0x00000000c3c00000, 0x00000000c6400000, 0x00000000ebe80000)
  object space 40960K, 42% used [0x00000000c3c00000,0x00000000c4ce0850,0x00000000c6400000)
 PSPermGen       total 21504K, used 18166K [0x00000000b9600000, 0x00000000bab00000, 0x00000000c3c00000)
  object space 21504K, 84% used [0x00000000b9600000,0x00000000ba7bda68,0x00000000bab00000)
}
Event: 18,102 GC heap before
{Heap before GC invocations=7 (full 0):
 PSYoungGen      total 129024K, used 129012K [0x00000000ebe80000, 0x00000000f5480000, 0x0000000100000000)
  eden space 121344K, 100% used [0x00000000ebe80000,0x00000000f3500000,0x00000000f3500000)
  from space 7680K, 99% used [0x00000000f4200000,0x00000000f497d198,0x00000000f4980000)
  to   space 13312K, 0% used [0x00000000f3500000,0x00000000f3500000,0x00000000f4200000)
 ParOldGen       total 40960K, used 17282K [0x00000000c3c00000, 0x00000000c6400000, 0x00000000ebe80000)
  object space 40960K, 42% used [0x00000000c3c00000,0x00000000c4ce0850,0x00000000c6400000)
 PSPermGen       total 24576K, used 24387K [0x00000000b9600000, 0x00000000bae00000, 0x00000000c3c00000)
  object space 24576K, 99% used [0x00000000b9600000,0x00000000badd0ee0,0x00000000bae00000)

