# JRE version: OpenJDK Runtime Environment (7.0_65-b32) (build 1.7.0_65-b32)
# Java VM: OpenJDK 64-Bit Server VM (24.65-b04 mixed mode linux-amd64 compressed oops)
Heap
 PSYoungGen      total 134656K, used 13297K [0x00000000ebe80000, 0x00000000f5480000, 0x0000000100000000)
  eden space 121344K, 0% used [0x00000000ebe80000,0x00000000ebe80000,0x00000000f3500000)
  from space 13312K, 99% used [0x00000000f3500000,0x00000000f41fc430,0x00000000f4200000)
  to   space 7680K, 0% used [0x00000000f4200000,0x00000000f4200000,0x00000000f4980000)
 ParOldGen       total 40960K, used 20527K [0x00000000c3c00000, 0x00000000c6400000, 0x00000000ebe80000)
  object space 40960K, 50% used [0x00000000c3c00000,0x00000000c500bc48,0x00000000c6400000)
 PSPermGen       total 24576K, used 24384K [0x00000000b9600000, 0x00000000bae00000, 0x00000000c3c00000)
  object space 24576K, 99% used [0x00000000b9600000,0x00000000badd0178,0x00000000bae00000)
GC Heap History (10 events):
Event: 1,713 GC heap after
Heap after GC invocations=2 (full 0):
 PSYoungGen      total 34304K, used 2473K [0x00000000ebe80000, 0x00000000ee280000, 0x0000000100000000)
  eden space 31744K, 0% used [0x00000000ebe80000,0x00000000ebe80000,0x00000000edd80000)
  from space 2560K, 96% used [0x00000000ee000000,0x00000000ee26a400,0x00000000ee280000)
  to   space 2560K, 0% used [0x00000000edd80000,0x00000000edd80000,0x00000000ee000000)
 ParOldGen       total 40960K, used 430K [0x00000000c3c00000, 0x00000000c6400000, 0x00000000ebe80000)
  object space 40960K, 1% used [0x00000000c3c00000,0x00000000c3c6b850,0x00000000c6400000)
 PSPermGen       total 21504K, used 7998K [0x00000000b9600000, 0x00000000bab00000, 0x00000000c3c00000)
  object space 21504K, 37% used [0x00000000b9600000,0x00000000b9dcfa00,0x00000000bab00000)
}
Event: 3,141 GC heap before
{Heap before GC invocations=3 (full 0):
 PSYoungGen      total 34304K, used 34217K [0x00000000ebe80000, 0x00000000ee280000, 0x0000000100000000)
  eden space 31744K, 100% used [0x00000000ebe80000,0x00000000edd80000,0x00000000edd80000)
  from space 2560K, 96% used [0x00000000ee000000,0x00000000ee26a400,0x00000000ee280000)
  to   space 2560K, 0% used [0x00000000edd80000,0x00000000edd80000,0x00000000ee000000)
 ParOldGen       total 40960K, used 430K [0x00000000c3c00000, 0x00000000c6400000, 0x00000000ebe80000)
  object space 40960K, 1% used [0x00000000c3c00000,0x00000000c3c6b850,0x00000000c6400000)
 PSPermGen       total 21504K, used 12509K [0x00000000b9600000, 0x00000000bab00000, 0x00000000c3c00000)
  object space 21504K, 58% used [0x00000000b9600000,0x00000000ba2375c8,0x00000000bab00000)
Event: 3,198 GC heap after
Heap after GC invocations=3 (full 0):
 PSYoungGen      total 34304K, used 2544K [0x00000000ebe80000, 0x00000000f0180000, 0x0000000100000000)
  eden space 31744K, 0% used [0x00000000ebe80000,0x00000000ebe80000,0x00000000edd80000)
  from space 2560K, 99% used [0x00000000edd80000,0x00000000edffc010,0x00000000ee000000)
  to   space 2560K, 0% used [0x00000000eff00000,0x00000000eff00000,0x00000000f0180000)
 ParOldGen       total 40960K, used 4178K [0x00000000c3c00000, 0x00000000c6400000, 0x00000000ebe80000)
  object space 40960K, 10% used [0x00000000c3c00000,0x00000000c4014bb8,0x00000000c6400000)
 PSPermGen       total 21504K, used 12509K [0x00000000b9600000, 0x00000000bab00000, 0x00000000c3c00000)
  object space 21504K, 58% used [0x00000000b9600000,0x00000000ba2375c8,0x00000000bab00000)
}
Event: 4,854 GC heap before
{Heap before GC invocations=4 (full 0):
 PSYoungGen      total 34304K, used 34288K [0x00000000ebe80000, 0x00000000f0180000, 0x0000000100000000)
  eden space 31744K, 100% used [0x00000000ebe80000,0x00000000edd80000,0x00000000edd80000)
  from space 2560K, 99% used [0x00000000edd80000,0x00000000edffc010,0x00000000ee000000)
  to   space 2560K, 0% used [0x00000000eff00000,0x00000000eff00000,0x00000000f0180000)
 ParOldGen       total 40960K, used 4178K [0x00000000c3c00000, 0x00000000c6400000, 0x00000000ebe80000)
  object space 40960K, 10% used [0x00000000c3c00000,0x00000000c4014bb8,0x00000000c6400000)
 PSPermGen       total 21504K, used 12743K [0x00000000b9600000, 0x00000000bab00000, 0x00000000c3c00000)
  object space 21504K, 59% used [0x00000000b9600000,0x00000000ba271fa0,0x00000000bab00000)
Event: 4,891 GC heap after
Heap after GC invocations=4 (full 0):
 PSYoungGen      total 66048K, used 2528K [0x00000000ebe80000, 0x00000000f0180000, 0x0000000100000000)
  eden space 63488K, 0% used [0x00000000ebe80000,0x00000000ebe80000,0x00000000efc80000)
  from space 2560K, 98% used [0x00000000eff00000,0x00000000f0178020,0x00000000f0180000)
  to   space 2560K, 0% used [0x00000000efc80000,0x00000000efc80000,0x00000000eff00000)
 ParOldGen       total 40960K, used 6684K [0x00000000c3c00000, 0x00000000c6400000, 0x00000000ebe80000)
  object space 40960K, 16% used [0x00000000c3c00000,0x00000000c4287110,0x00000000c6400000)
 PSPermGen       total 21504K, used 12743K [0x00000000b9600000, 0x00000000bab00000, 0x00000000c3c00000)
  object space 21504K, 59% used [0x00000000b9600000,0x00000000ba271fa0,0x00000000bab00000)
}
Event: 6,687 GC heap before
{Heap before GC invocations=5 (full 0):
 PSYoungGen      total 66048K, used 66016K [0x00000000ebe80000, 0x00000000f0180000, 0x0000000100000000)
  eden space 63488K, 100% used [0x00000000ebe80000,0x00000000efc80000,0x00000000efc80000)
  from space 2560K, 98% used [0x00000000eff00000,0x00000000f0178020,0x00000000f0180000)
  to   space 2560K, 0% used [0x00000000efc80000,0x00000000efc80000,0x00000000eff00000)
 ParOldGen       total 40960K, used 6684K [0x00000000c3c00000, 0x00000000c6400000, 0x00000000ebe80000)
  object space 40960K, 16% used [0x00000000c3c00000,0x00000000c4287110,0x00000000c6400000)
 PSPermGen       total 21504K, used 13966K [0x00000000b9600000, 0x00000000bab00000, 0x00000000c3c00000)
  object space 21504K, 64% used [0x00000000b9600000,0x00000000ba3a3a80,0x00000000bab00000)
Event: 6,710 GC heap after
Heap after GC invocations=5 (full 0):
 PSYoungGen      total 66048K, used 2560K [0x00000000ebe80000, 0x00000000f4980000, 0x0000000100000000)
  eden space 63488K, 0% used [0x00000000ebe80000,0x00000000ebe80000,0x00000000efc80000)
  from space 2560K, 100% used [0x00000000efc80000,0x00000000eff00000,0x00000000eff00000)
  to   space 7680K, 0% used [0x00000000f4200000,0x00000000f4200000,0x00000000f4980000)
 ParOldGen       total 40960K, used 10208K [0x00000000c3c00000, 0x00000000c6400000, 0x00000000ebe80000)
  object space 40960K, 24% used [0x00000000c3c00000,0x00000000c45f8148,0x00000000c6400000)
 PSPermGen       total 21504K, used 13966K [0x00000000b9600000, 0x00000000bab00000, 0x00000000c3c00000)
  object space 21504K, 64% used [0x00000000b9600000,0x00000000ba3a3a80,0x00000000bab00000)
}
Event: 8,305 GC heap before
{Heap before GC invocations=6 (full 0):
 PSYoungGen      total 66048K, used 66048K [0x00000000ebe80000, 0x00000000f4980000, 0x0000000100000000)
  eden space 63488K, 100% used [0x00000000ebe80000,0x00000000efc80000,0x00000000efc80000)
  from space 2560K, 100% used [0x00000000efc80000,0x00000000eff00000,0x00000000eff00000)
  to   space 7680K, 0% used [0x00000000f4200000,0x00000000f4200000,0x00000000f4980000)
 ParOldGen       total 40960K, used 10208K [0x00000000c3c00000, 0x00000000c6400000, 0x00000000ebe80000)
  object space 40960K, 24% used [0x00000000c3c00000,0x00000000c45f8148,0x00000000c6400000)
 PSPermGen       total 21504K, used 18152K [0x00000000b9600000, 0x00000000bab00000, 0x00000000c3c00000)
  object space 21504K, 84% used [0x00000000b9600000,0x00000000ba7ba180,0x00000000bab00000)
Event: 8,366 GC heap after
Heap after GC invocations=6 (full 0):
 PSYoungGen      total 129024K, used 7669K [0x00000000ebe80000, 0x00000000f5480000, 0x0000000100000000)
  eden space 121344K, 0% used [0x00000000ebe80000,0x00000000ebe80000,0x00000000f3500000)
  from space 7680K, 99% used [0x00000000f4200000,0x00000000f497d6e8,0x00000000f4980000)
  to   space 13312K, 0% used [0x00000000f3500000,0x00000000f3500000,0x00000000f4200000)
 ParOldGen       total 40960K, used 17467K [0x00000000c3c00000, 0x00000000c6400000, 0x00000000ebe80000)
  object space 40960K, 42% used [0x00000000c3c00000,0x00000000c4d0edb8,0x00000000c6400000)
 PSPermGen       total 21504K, used 18152K [0x00000000b9600000, 0x00000000bab00000, 0x00000000c3c00000)
  object space 21504K, 84% used [0x00000000b9600000,0x00000000ba7ba180,0x00000000bab00000)
}
Event: 16,701 GC heap before
{Heap before GC invocations=7 (full 0):
 PSYoungGen      total 129024K, used 129013K [0x00000000ebe80000, 0x00000000f5480000, 0x0000000100000000)
  eden space 121344K, 100% used [0x00000000ebe80000,0x00000000f3500000,0x00000000f3500000)
  from space 7680K, 99% used [0x00000000f4200000,0x00000000f497d6e8,0x00000000f4980000)
  to   space 13312K, 0% used [0x00000000f3500000,0x00000000f3500000,0x00000000f4200000)
 ParOldGen       total 40960K, used 17467K [0x00000000c3c00000, 0x00000000c6400000, 0x00000000ebe80000)
  object space 40960K, 42% used [0x00000000c3c00000,0x00000000c4d0edb8,0x00000000c6400000)
 PSPermGen       total 24576K, used 24384K [0x00000000b9600000, 0x00000000bae00000, 0x00000000c3c00000)
  object space 24576K, 99% used [0x00000000b9600000,0x00000000badd0178,0x00000000bae00000)

